20,30
finished! *19,29* 
33.6
o + + + + + + o o o o o o o . . . . . . . . . . . . . . . . 
o o o o o o + o o o o o o o o . . . . . . . . . . . . . . . 
o o o o o o + o o o o o o o o o . . . . . . . . . . . . . . 
o o o o o o + o o o o o o o o o o . . . . . . . . . . . . . 
o o o o o o + o o o o o o o o o o o . . . . . . . . . . . . 
. o o o o o + o o o o o o o o o o o o o . . . . . . . . . . 
. . o o o o + o o o o o o o o o o o o o o o o o o o . . . . 
. . . . o o + o o o o o o o o o o o o o o o o o o o o . . . 
. . . . . o + + # # # # # # # # # # # # # # # # # # # . . . 
. . . . . . o + + + + + + + + + + + + + o o . . . . . . . . 
. . . . . . . o o o o o o o o o o o o + + o o . . . . . . . 
. . . . . . . . . . . . . . . . . . o o + + o o . . . . . . 
. . . . . . . . . . . . . . . . . . . o o + + o o . . . . . 
. . . . . . . . . . . . . . . . . . . . o o + + o o . . . . 
. . . . . . . . . . . . . . . . . . . . . o o + + o o o . . 
. . . . . . . . . . . . . . . . . . . . . . o o + + o o o . 
. . . . . . . . . . . . . . . . . . . . . . . o o + + o o . 
. . . . . . . . . . . . . . . . . . . . . . . . o o + + o o 
. . . . . . . . . . . . . . . . . . . . . . . . . o o + + + 
. . . . . . . . . . . . . . . . . . . . . . . . . . . o o + 
